\BOOKMARK [1][-]{section.1}{\376\377\000I\000n\000t\000r\000o\000d\000u\000c\000t\000i\000o\000n\000\040\000e\000t\000\040\000c\000o\000n\000t\000e\000x\000t\000e\000\040\000d\000u\000\040\000T\000E\000R}{}% 1
\BOOKMARK [2][-]{subsection.1.1}{\376\377\000C\000o\000n\000t\000e\000x\000t\000e\000\040\000d\000u\000\040\000p\000r\000o\000j\000e\000t\000\040\000P\000I\000C\000O\000P\000A\000T\000T}{section.1}% 2
\BOOKMARK [3][-]{subsubsection.1.1.1}{\376\377\000P\000r\000o\000b\000l\000\351\000m\000a\000t\000i\000q\000u\000e\000\040\000m\000a\000j\000e\000u\000r\000e}{subsection.1.1}% 3
\BOOKMARK [3][-]{subsubsection.1.1.2}{\376\377\000P\000r\000\351\000s\000e\000n\000t\000a\000t\000i\000o\000n\000\040\000d\000u\000\040\000p\000r\000o\000j\000e\000t\000\040\000P\000I\000C\000O\000P\000A\000T\000T}{subsection.1.1}% 4
\BOOKMARK [3][-]{subsubsection.1.1.3}{\376\377\000D\000\351\000f\000i\000n\000i\000t\000i\000o\000n\000\040\000d\000e\000\040\000p\000i\000c\000o\000c\000l\000i\000m\000a\000t\000s\000\040\000u\000r\000b\000a\000i\000n\000s}{subsection.1.1}% 5
\BOOKMARK [3][-]{subsubsection.1.1.4}{\376\377\000U\000n\000e\000\040\000s\000t\000a\000t\000i\000o\000n\000\040\000m\000\351\000t\000\351\000o\000r\000o\000l\000o\000g\000i\000q\000u\000e\000\040\000m\000o\000b\000i\000l\000e}{subsection.1.1}% 6
\BOOKMARK [2][-]{subsection.1.2}{\376\377\000L\000e\000s\000\040\000m\000i\000s\000s\000i\000o\000n\000s\000\040\000d\000u\000\040\000T\000E\000R}{section.1}% 7
\BOOKMARK [3][-]{subsubsection.1.2.1}{\376\377\000C\000o\000m\000p\000r\000\351\000h\000e\000n\000s\000i\000o\000n\000\040\000e\000t\000\040\000p\000r\000\351\000p\000a\000r\000a\000t\000i\000o\000n\000\040\000d\000e\000s\000\040\000d\000o\000n\000n\000\351\000e\000s}{subsection.1.2}% 8
\BOOKMARK [3][-]{subsubsection.1.2.2}{\376\377\000C\000o\000n\000s\000t\000r\000u\000c\000t\000i\000o\000n\000\040\000d\000e\000\040\000s\000i\000l\000h\000o\000u\000e\000t\000t\000e\000s\000\040\000p\000i\000c\000o\000c\000l\000i\000m\000a\000t\000i\000q\000u\000e\000s}{subsection.1.2}% 9
\BOOKMARK [3][-]{subsubsection.1.2.3}{\376\377\000P\000r\000\351\000p\000a\000r\000a\000t\000i\000o\000n\000\040\000d\000e\000s\000\040\000m\000o\000d\000\350\000l\000e\000s\000\040\000d\040\031\000a\000p\000p\000r\000e\000n\000t\000i\000s\000s\000a\000g\000e\000\040\000a\000u\000t\000o\000m\000a\000t\000i\000q\000u\000e}{subsection.1.2}% 10
\BOOKMARK [1][-]{section.2}{\376\377\000P\000r\000\351\000s\000e\000n\000t\000a\000t\000i\000o\000n\000\040\000d\000e\000s\000\040\000d\000o\000n\000n\000\351\000e\000s}{}% 11
\BOOKMARK [2][-]{subsection.2.1}{\376\377\000L\000e\000s\000\040\000c\000a\000m\000p\000a\000g\000n\000e\000s\000\040\000m\000\351\000t\000r\000o\000l\000o\000g\000i\000q\000u\000e\000s}{section.2}% 12
\BOOKMARK [3][-]{subsubsection.2.1.1}{\376\377\000L\000e\000s\000\040\000p\000a\000r\000c\000o\000u\000r\000s}{subsection.2.1}% 13
\BOOKMARK [3][-]{subsubsection.2.1.2}{\376\377\000L\000e\000s\000\040\000m\000e\000s\000u\000r\000e\000s}{subsection.2.1}% 14
\BOOKMARK [3][-]{subsubsection.2.1.3}{\376\377\000C\000o\000n\000t\000r\000a\000i\000n\000t\000e\000s\000\040\000d\000e\000\040\000t\000e\000r\000r\000a\000i\000n}{subsection.2.1}% 15
\BOOKMARK [2][-]{subsection.2.2}{\376\377\000L\000e\000s\000\040\000v\000a\000r\000i\000a\000b\000l\000e\000s\000\040\000m\000e\000s\000u\000r\000\351\000e\000s}{section.2}% 16
\BOOKMARK [2][-]{subsection.2.3}{\376\377\000O\000r\000g\000a\000n\000i\000s\000a\000t\000i\000o\000n\000\040\000d\000e\000s\000\040\000f\000i\000c\000h\000i\000e\000r\000s}{section.2}% 17
\BOOKMARK [3][-]{subsubsection.2.3.1}{\376\377\000F\000o\000r\000m\000a\000t\000\040\000d\000e\000s\000\040\000f\000i\000c\000h\000i\000e\000r\000s}{subsection.2.3}% 18
\BOOKMARK [3][-]{subsubsection.2.3.2}{\376\377\000S\000\351\000l\000e\000c\000t\000i\000o\000n\000\040\000d\000e\000s\000\040\000f\000i\000c\000h\000i\000e\000r\000s\000\040\000p\000o\000u\000r\000\040\000l\040\031\000a\000n\000a\000l\000y\000s\000e}{subsection.2.3}% 19
\BOOKMARK [1][-]{section.3}{\376\377\000N\000e\000t\000t\000o\000y\000a\000g\000e\000\040\000d\000e\000s\000\040\000d\000o\000n\000n\000\351\000e\000s}{}% 20
\BOOKMARK [2][-]{subsection.3.1}{\376\377\000P\000r\000e\000m\000i\000\350\000r\000e\000s\000\040\000a\000p\000p\000r\000o\000c\000h\000e\000s\000\040\000d\000e\000s\000\040\000d\000o\000n\000n\000\351\000e\000s}{section.3}% 21
\BOOKMARK [3][-]{subsubsection.3.1.1}{\376\377\000C\000o\000u\000v\000e\000r\000t\000u\000r\000e\000\040\000t\000e\000m\000p\000o\000r\000e\000l\000l\000e\000\040\000e\000t\000\040\000s\000p\000a\000t\000i\000a\000l\000e\000\040\000d\000e\000s\000\040\000d\000o\000n\000n\000\351\000e\000s}{subsection.3.1}% 22
\BOOKMARK [3][-]{subsubsection.3.1.2}{\376\377\000C\000o\000m\000p\000a\000r\000a\000i\000s\000o\000n\000\040\000t\000e\000m\000p\000o\000r\000e\000l\000l\000e\000\040\000d\000e\000s\000\040\000p\000a\000s\000s\000a\000g\000e\000s}{subsection.3.1}% 23
\BOOKMARK [3][-]{subsubsection.3.1.3}{\376\377\000D\000\351\000t\000e\000c\000t\000i\000o\000n\000\040\000e\000t\000\040\000c\000o\000r\000r\000e\000c\000t\000i\000o\000n\000\040\000d\000e\000s\000\040\000v\000a\000l\000e\000u\000r\000s\000\040\000a\000b\000e\000r\000r\000a\000n\000t\000e\000s}{subsection.3.1}% 24
\BOOKMARK [3][-]{subsubsection.3.1.4}{\376\377\000V\000a\000l\000i\000d\000a\000t\000i\000o\000n\000\040\000d\000e\000s\000\040\000e\000x\000t\000r\000\352\000m\000e\000s\000\040\000r\000\351\000a\000l\000i\000s\000t\000e\000s\000\040\000e\000t\000\040\000c\000o\000h\000\351\000r\000e\000n\000c\000e\000\040\000p\000h\000y\000s\000i\000q\000u\000e}{subsection.3.1}% 25
\BOOKMARK [3][-]{subsubsection.3.1.5}{\376\377\000V\000i\000s\000u\000a\000l\000i\000s\000a\000t\000i\000o\000n\000\040\000d\000e\000s\000\040\000v\000a\000l\000e\000u\000r\000s\000\040\000m\000a\000n\000q\000u\000a\000n\000t\000e\000s}{subsection.3.1}% 26
\BOOKMARK [2][-]{subsection.3.2}{\376\377\000T\000r\000a\000i\000t\000e\000m\000e\000n\000t\000\040\000d\000e\000s\000\040\000v\000a\000l\000e\000u\000r\000s\000\040\000n\000u\000l\000l\000e\000s}{section.3}% 27
\BOOKMARK [3][-]{subsubsection.3.2.1}{\376\377\000V\000i\000s\000u\000a\000l\000i\000s\000a\000t\000i\000o\000n\000\040\000d\000e\000s\000\040\000v\000a\000l\000e\000u\000r\000s\000\040\000n\000u\000l\000l\000e\000s}{subsection.3.2}% 28
\BOOKMARK [3][-]{subsubsection.3.2.2}{\376\377\000D\000\351\000t\000a\000i\000l\000s\000\040\000d\000e\000\040\000l\000'\000i\000m\000p\000u\000t\000a\000t\000i\000o\000n\000\040\000r\000\351\000a\000l\000i\000s\000\351\000e}{subsection.3.2}% 29
\BOOKMARK [3][-]{subsubsection.3.2.3}{\376\377\000R\000\351\000s\000u\000l\000t\000a\000t\000s\000\040\000o\000b\000t\000e\000n\000u\000s}{subsection.3.2}% 30
\BOOKMARK [1][-]{section.4}{\376\377\000A\000n\000a\000l\000y\000s\000e\000\040\000e\000x\000p\000l\000o\000r\000a\000t\000o\000i\000r\000e\000\040\000d\000e\000s\000\040\000d\000o\000n\000n\000\351\000e\000s}{}% 31
\BOOKMARK [2][-]{subsection.4.1}{\376\377\000O\000b\000s\000e\000r\000v\000a\000t\000i\000o\000n\000\040\000d\000e\000\040\000l\000a\000\040\000d\000i\000s\000t\000r\000i\000b\000u\000t\000i\000o\000n\000\040\000d\000e\000\040\000c\000h\000a\000q\000u\000e\000\040\000v\000a\000r\000i\000a\000b\000l\000e}{section.4}% 32
\BOOKMARK [3][-]{subsubsection.4.1.1}{\376\377\000D\000i\000s\000t\000r\000i\000b\000u\000t\000i\000o\000n\000\040\000g\000l\000o\000b\000a\000l\000e\000\040\000e\000t\000\040\000p\000a\000r\000\040\000p\000a\000r\000c\000o\000u\000r\000s}{subsection.4.1}% 33
\BOOKMARK [3][-]{subsubsection.4.1.2}{\376\377\000D\000i\000s\000t\000r\000i\000b\000u\000t\000i\000o\000n\000\040\000p\000a\000r\000\040\000s\000e\000c\000t\000i\000o\000n}{subsection.4.1}% 34
\BOOKMARK [3][-]{subsubsection.4.1.3}{\376\377\000D\000i\000s\000t\000r\000i\000b\000u\000t\000i\000o\000n\000\040\000v\000i\000a\000\040\000b\000o\000x\000p\000l\000o\000t\000\040\000e\000t\000\040\000v\000i\000o\000l\000i\000n\000\040\000p\000l\000o\000t}{subsection.4.1}% 35
\BOOKMARK [2][-]{subsection.4.2}{\376\377\000C\000o\000r\000r\000\351\000l\000a\000t\000i\000o\000n\000s\000\040\000e\000n\000t\000r\000e\000\040\000v\000a\000r\000i\000a\000b\000l\000e\000s}{section.4}% 36
\BOOKMARK [3][-]{subsubsection.4.2.1}{\376\377\000C\000o\000r\000r\000\351\000l\000a\000t\000i\000o\000n\000\040\000e\000n\000t\000r\000e\000\040\000l\000e\000s\000\040\000v\000a\000r\000i\000a\000b\000l\000e\000s\000\040\000p\000a\000r\000\040\000p\000a\000r\000c\000o\000u\000r\000s}{subsection.4.2}% 37
\BOOKMARK [3][-]{subsubsection.4.2.2}{\376\377\000C\000o\000r\000r\000\351\000l\000a\000t\000i\000o\000n\000\040\000e\000n\000t\000r\000e\000\040\000l\000e\000s\000\040\000v\000a\000r\000i\000a\000b\000l\000e\000s\000\040\000p\000a\000r\000\040\000M\000\137\000s\000l\000o\000t\000\040\000d\000e\000\040\000c\000h\000a\000q\000u\000e\000\040\000p\000a\000r\000c\000o\000u\000r\000s}{subsection.4.2}% 38
\BOOKMARK [2][-]{subsection.4.3}{\376\377\000P\000r\000o\000f\000i\000l\000s\000\040\000s\000p\000a\000t\000i\000o\000-\000t\000e\000m\000p\000o\000r\000e\000l\000s}{section.4}% 39
\BOOKMARK [3][-]{subsubsection.4.3.1}{\376\377\000A\000g\000r\000\351\000g\000\351\000\040\000p\000a\000r\000\040\000M\000\137\000s\000l\000o\000t\000s}{subsection.4.3}% 40
\BOOKMARK [3][-]{subsubsection.4.3.2}{\376\377\000A\000\040\000l\000'\000\351\000c\000h\000e\000l\000l\000e\000\040\000d\000'\000u\000n\000e\000\040\000m\000e\000s\000u\000r\000e}{subsection.4.3}% 41
\BOOKMARK [1][-]{section.5}{\376\377\000M\000i\000s\000s\000i\000o\000n\000s\000\040\000r\000e\000s\000t\000a\000n\000t\000e\000s}{}% 42
\BOOKMARK [2][-]{subsection.5.1}{\376\377\000L\000e\000s\000\040\000s\000i\000l\000h\000o\000u\000e\000t\000t\000e\000s}{section.5}% 43
\BOOKMARK [2][-]{subsection.5.2}{\376\377\000P\000i\000s\000t\000e\000s\000\040\000d\000'\000a\000p\000p\000r\000e\000n\000t\000i\000s\000s\000a\000g\000e\000\040\000p\000r\000o\000f\000o\000n\000d}{section.5}% 44
\BOOKMARK [1][-]{section.6}{\376\377\000C\000o\000n\000c\000l\000u\000s\000i\000o\000n\000\040\000e\000t\000\040\000p\000e\000r\000s\000p\000e\000c\000t\000i\000v\000e\000s}{}% 45
